<?xml version="1.0" encoding="UTF-8"?>
<testsuite name="RockPaperScissorsTest" tests="3" skipped="0" failures="0" errors="0" timestamp="2016-02-10T18:30:56" hostname="epicodus-60.local" time="0.001">
  <properties/>
  <testcase name="checkWinner_paperbeatScissors_true" classname="RockPaperScissorsTest" time="0.001"/>
  <testcase name="checkWinner_rockBeatsScissors_true" classname="RockPaperScissorsTest" time="0.0"/>
  <testcase name="checkWinner_rockbeatPaper_true" classname="RockPaperScissorsTest" time="0.0"/>
  <system-out><![CDATA[]]></system-out>
  <system-err><![CDATA[]]></system-err>
</testsuite>
